<?xml version="1.0" encoding="UTF-8"?>
<!-- Generated by org.testng.reporters.JUnitXMLReporter -->
<testsuite ignored="0" hostname="DESKTOP-ILTTE8N" failures="0" tests="10" name="Free CRM App Test Cases" time="197.664" errors="0" timestamp="2026-02-04T18:37:43 IST">
  <testcase classname="com.crm.qa.testcases.LoginPageTest" name="ValidateLoginTitleTest" time="0.302"/>
  <testcase classname="com.crm.qa.testcases.LoginPageTest" name="crmLogoTest" time="6.556"/>
  <testcase classname="com.crm.qa.testcases.LoginPageTest" name="LoginTest" time="8.19"/>
  <testcase classname="com.crm.qa.testcases.LoginPageTest" name="supportTest" time="3.122"/>
  <testcase classname="com.crm.qa.testcases.HomePageTest" name="VerifyHomePageTitleTest" time="0.018"/>
  <testcase classname="com.crm.qa.testcases.HomePageTest" name="contactPageValidateTest" time="7.884"/>
  <testcase classname="com.crm.qa.testcases.HomePageTest" name="verifyUserNameTest" time="2.774"/>
  <testcase classname="com.crm.qa.testcases.ContactPageTest" name="createContactTest" time="5.281"/>
  <testcase classname="com.crm.qa.testcases.ContactPageTest" name="createContactTest" time="3.362"/>
  <testcase classname="com.crm.qa.testcases.ContactPageTest" name="contactCheckBoxValidation" time="0.243"/>
</testsuite> <!-- Free CRM App Test Cases -->
