<?xml version="1.0" encoding="UTF-8"?>
<!-- Generated by org.testng.reporters.JUnitXMLReporter -->
<testsuite ignored="3" hostname="DESKTOP-ILTTE8N" failures="0" tests="1" name="Default test" time="12.303" errors="0" timestamp="2026-01-22T17:17:22 IST">
  <testcase classname="com.crm.qa.testcases.LoginPageTest" name="crmLogoTest" time="2.024"/>
  <testcase classname="com.crm.qa.testcases.LoginPageTest" name="ValidateLoginTitleTest" time="0.0">
    <ignored/>
  </testcase> <!-- ValidateLoginTitleTest -->
  <testcase classname="com.crm.qa.testcases.LoginPageTest" name="LoginTest" time="0.0">
    <ignored/>
  </testcase> <!-- LoginTest -->
  <testcase classname="com.crm.qa.testcases.LoginPageTest" name="supportTest" time="0.0">
    <ignored/>
  </testcase> <!-- supportTest -->
</testsuite> <!-- Default test -->
