<?xml version="1.0" encoding="UTF-8"?>
<!-- Generated by org.testng.reporters.JUnitXMLReporter -->
<testsuite ignored="0" hostname="DESKTOP-ILTTE8N" failures="0" tests="3" name="Default test" time="63.696" errors="0" timestamp="2026-03-11T17:40:07 IST">
  <testcase classname="com.crm.qa.testcases.HomePageTest" name="VerifyHomePageTitleTest" time="0.283"/>
  <testcase classname="com.crm.qa.testcases.HomePageTest" name="contactPageValidateTest" time="10.882"/>
  <testcase classname="com.crm.qa.testcases.HomePageTest" name="verifyUserNameTest" time="1.554"/>
</testsuite> <!-- Default test -->
