<?xml version="1.0" encoding="UTF-8"?>
<!-- Generated by org.testng.reporters.JUnitReportReporter -->
<testsuite hostname="DESKTOP-ILTTE8N" failures="0" tests="3" name="com.crm.qa.testcases.ContactPageTest" time="86.294" errors="0" timestamp="2026-02-04T18:37:44 IST" skipped="0">
  <testcase classname="com.crm.qa.testcases.ContactPageTest" name="createContactTest" time="30.447"/>
  <testcase classname="com.crm.qa.testcases.ContactPageTest" name="createContactTest" time="30.531"/>
  <testcase classname="com.crm.qa.testcases.ContactPageTest" name="contactCheckBoxValidation" time="25.316"/>
</testsuite> <!-- com.crm.qa.testcases.ContactPageTest -->
