<?xml version="1.0" encoding="UTF-8"?>
<!-- Generated by org.testng.reporters.JUnitReportReporter -->
<testsuite hostname="DESKTOP-ILTTE8N" failures="0" tests="4" name="com.crm.qa.testcases.LoginPageTest" time="52.413" errors="0" timestamp="2026-02-04T18:37:44 IST" skipped="0">
  <testcase classname="com.crm.qa.testcases.LoginPageTest" name="ValidateLoginTitleTest" time="8.784"/>
  <testcase classname="com.crm.qa.testcases.LoginPageTest" name="crmLogoTest" time="20.452"/>
  <testcase classname="com.crm.qa.testcases.LoginPageTest" name="LoginTest" time="11.692"/>
  <testcase classname="com.crm.qa.testcases.LoginPageTest" name="supportTest" time="11.485"/>
</testsuite> <!-- com.crm.qa.testcases.LoginPageTest -->
