<?xml version="1.0" encoding="UTF-8"?>
<!-- Generated by org.testng.reporters.JUnitReportReporter -->
<testsuite hostname="DESKTOP-ILTTE8N" failures="0" tests="3" name="com.crm.qa.testcases.HomePageTest" time="63.543" errors="0" timestamp="2026-03-11T17:40:07 IST" skipped="0">
  <testcase classname="com.crm.qa.testcases.HomePageTest" name="VerifyHomePageTitleTest" time="28.890"/>
  <testcase classname="com.crm.qa.testcases.HomePageTest" name="contactPageValidateTest" time="20.916"/>
  <testcase classname="com.crm.qa.testcases.HomePageTest" name="verifyUserNameTest" time="13.737"/>
</testsuite> <!-- com.crm.qa.testcases.HomePageTest -->
