<?xml version="1.0" encoding="UTF-8"?>
<!-- Generated by org.testng.reporters.JUnitReportReporter -->
<testsuite hostname="DESKTOP-ILTTE8N" failures="0" tests="3" name="com.crm.qa.testcases.HomePageTest" time="56.074" errors="0" timestamp="2026-02-04T18:37:44 IST" skipped="0">
  <testcase classname="com.crm.qa.testcases.HomePageTest" name="VerifyHomePageTitleTest" time="16.439"/>
  <testcase classname="com.crm.qa.testcases.HomePageTest" name="contactPageValidateTest" time="20.573"/>
  <testcase classname="com.crm.qa.testcases.HomePageTest" name="verifyUserNameTest" time="19.062"/>
</testsuite> <!-- com.crm.qa.testcases.HomePageTest -->
