<?xml version="1.0" encoding="UTF-8"?>
<testng-results ignored="0" total="3" passed="3" failed="0" skipped="0">
  <reporter-output>
  </reporter-output>
  <suite started-at="2026-03-11T17:39:03 IST" name="Default suite" finished-at="2026-03-11T17:40:07 IST" duration-ms="63696">
    <groups>
    </groups>
    <test started-at="2026-03-11T17:39:03 IST" name="Default test" finished-at="2026-03-11T17:40:07 IST" duration-ms="63696">
      <class name="com.crm.qa.testcases.HomePageTest">
        <test-method is-config="true" signature="setup()[pri:0, instance:com.crm.qa.testcases.HomePageTest@515aebb0]" started-at="2026-03-11T17:39:03 IST" name="setup" finished-at="2026-03-11T17:39:30 IST" duration-ms="27293" status="PASS">
          <reporter-output>
          </reporter-output>
        </test-method> <!-- setup -->
        <test-method signature="VerifyHomePageTitleTest()[pri:1, instance:com.crm.qa.testcases.HomePageTest@515aebb0]" started-at="2026-03-11T17:39:30 IST" name="VerifyHomePageTitleTest" finished-at="2026-03-11T17:39:31 IST" duration-ms="283" status="PASS">
          <reporter-output>
          </reporter-output>
        </test-method> <!-- VerifyHomePageTitleTest -->
        <test-method is-config="true" signature="tearDown(org.testng.ITestResult)[pri:0, instance:com.crm.qa.testcases.HomePageTest@515aebb0]" started-at="2026-03-11T17:39:31 IST" name="tearDown" finished-at="2026-03-11T17:39:33 IST" duration-ms="1834" status="PASS">
          <params>
            <param index="0">
              <value>
                <![CDATA[[TestResult name=VerifyHomePageTitleTest status=SUCCESS method=HomePageTest.VerifyHomePageTitleTest()[pri:1, instance:com.crm.qa.testcases.HomePageTest@515aebb0] output={null}]]]>
              </value>
            </param>
          </params>
          <reporter-output>
          </reporter-output>
        </test-method> <!-- tearDown -->
        <test-method is-config="true" signature="setup()[pri:0, instance:com.crm.qa.testcases.HomePageTest@515aebb0]" started-at="2026-03-11T17:39:33 IST" name="setup" finished-at="2026-03-11T17:39:42 IST" duration-ms="9245" status="PASS">
          <reporter-output>
          </reporter-output>
        </test-method> <!-- setup -->
        <test-method signature="contactPageValidateTest()[pri:2, instance:com.crm.qa.testcases.HomePageTest@515aebb0]" started-at="2026-03-11T17:39:42 IST" name="contactPageValidateTest" finished-at="2026-03-11T17:39:53 IST" duration-ms="10882" status="PASS">
          <reporter-output>
          </reporter-output>
        </test-method> <!-- contactPageValidateTest -->
        <test-method is-config="true" signature="tearDown(org.testng.ITestResult)[pri:0, instance:com.crm.qa.testcases.HomePageTest@515aebb0]" started-at="2026-03-11T17:39:53 IST" name="tearDown" finished-at="2026-03-11T17:39:53 IST" duration-ms="789" status="PASS">
          <params>
            <param index="0">
              <value>
                <![CDATA[[TestResult name=contactPageValidateTest status=SUCCESS method=HomePageTest.contactPageValidateTest()[pri:2, instance:com.crm.qa.testcases.HomePageTest@515aebb0] output={null}]]]>
              </value>
            </param>
          </params>
          <reporter-output>
          </reporter-output>
        </test-method> <!-- tearDown -->
        <test-method is-config="true" signature="setup()[pri:0, instance:com.crm.qa.testcases.HomePageTest@515aebb0]" started-at="2026-03-11T17:39:53 IST" name="setup" finished-at="2026-03-11T17:40:04 IST" duration-ms="10349" status="PASS">
          <reporter-output>
          </reporter-output>
        </test-method> <!-- setup -->
        <test-method signature="verifyUserNameTest()[pri:3, instance:com.crm.qa.testcases.HomePageTest@515aebb0]" started-at="2026-03-11T17:40:04 IST" name="verifyUserNameTest" finished-at="2026-03-11T17:40:05 IST" duration-ms="1554" status="PASS">
          <reporter-output>
          </reporter-output>
        </test-method> <!-- verifyUserNameTest -->
        <test-method is-config="true" signature="tearDown(org.testng.ITestResult)[pri:0, instance:com.crm.qa.testcases.HomePageTest@515aebb0]" started-at="2026-03-11T17:40:05 IST" name="tearDown" finished-at="2026-03-11T17:40:07 IST" duration-ms="1314" status="PASS">
          <params>
            <param index="0">
              <value>
                <![CDATA[[TestResult name=verifyUserNameTest status=SUCCESS method=HomePageTest.verifyUserNameTest()[pri:3, instance:com.crm.qa.testcases.HomePageTest@515aebb0] output={null}]]]>
              </value>
            </param>
          </params>
          <reporter-output>
          </reporter-output>
        </test-method> <!-- tearDown -->
      </class> <!-- com.crm.qa.testcases.HomePageTest -->
    </test> <!-- Default test -->
  </suite> <!-- Default suite -->
</testng-results>
