<?xml version="1.0" encoding="UTF-8"?>
<testng-results ignored="0" total="10" passed="10" failed="0" skipped="0">
  <reporter-output>
  </reporter-output>
  <suite started-at="2026-02-04T18:34:25 IST" name="Free CRM Application Test Suite" finished-at="2026-02-04T18:37:43 IST" duration-ms="197664">
    <groups>
    </groups>
    <test started-at="2026-02-04T18:34:25 IST" name="Free CRM App Test Cases" finished-at="2026-02-04T18:37:43 IST" duration-ms="197664">
      <class name="com.crm.qa.testcases.ContactPageTest">
        <test-method is-config="true" signature="setup()[pri:0, instance:com.crm.qa.testcases.ContactPageTest@3023df74]" started-at="2026-02-04T18:36:16 IST" name="setup" finished-at="2026-02-04T18:36:40 IST" duration-ms="24106" status="PASS">
          <reporter-output>
          </reporter-output>
        </test-method> <!-- setup -->
        <test-method signature="createContactTest(java.lang.String,java.lang.String,java.lang.String,java.lang.String,java.lang.String)[pri:1, instance:com.crm.qa.testcases.ContactPageTest@3023df74]" started-at="2026-02-04T18:36:40 IST" name="createContactTest" data-provider="getCRMtestData" finished-at="2026-02-04T18:36:46 IST" duration-ms="5281" status="PASS">
          <params>
            <param index="0">
              <value>
                <![CDATA[Joseph]]>
              </value>
            </param>
            <param index="1">
              <value>
                <![CDATA[Vijay]]>
              </value>
            </param>
            <param index="2">
              <value>
                <![CDATA[TVK]]>
              </value>
            </param>
            <param index="3">
              <value>
                <![CDATA[Lead]]>
              </value>
            </param>
            <param index="4">
              <value>
                <![CDATA[C:\Users\admin\OneDrive\Desktop\Vikram\SampleImage.png]]>
              </value>
            </param>
          </params>
          <reporter-output>
          </reporter-output>
        </test-method> <!-- createContactTest -->
        <test-method is-config="true" signature="tearDown(org.testng.ITestResult)[pri:0, instance:com.crm.qa.testcases.ContactPageTest@3023df74]" started-at="2026-02-04T18:36:46 IST" name="tearDown" finished-at="2026-02-04T18:36:46 IST" duration-ms="764" status="PASS">
          <params>
            <param index="0">
              <value>
                <![CDATA[[TestResult name=createContactTest status=SUCCESS method=ContactPageTest.createContactTest(java.lang.String,java.lang.String,java.lang.String,java.lang.String,java.lang.String)[pri:1, instance:com.crm.qa.testcases.ContactPageTest@3023df74] output={null}]]]>
              </value>
            </param>
          </params>
          <reporter-output>
          </reporter-output>
        </test-method> <!-- tearDown -->
        <test-method is-config="true" signature="setup()[pri:0, instance:com.crm.qa.testcases.ContactPageTest@3023df74]" started-at="2026-02-04T18:36:46 IST" name="setup" finished-at="2026-02-04T18:37:13 IST" duration-ms="26429" status="PASS">
          <reporter-output>
          </reporter-output>
        </test-method> <!-- setup -->
        <test-method signature="createContactTest(java.lang.String,java.lang.String,java.lang.String,java.lang.String,java.lang.String)[pri:1, instance:com.crm.qa.testcases.ContactPageTest@3023df74]" started-at="2026-02-04T18:37:13 IST" name="createContactTest" data-provider="getCRMtestData" finished-at="2026-02-04T18:37:16 IST" duration-ms="3362" status="PASS">
          <params>
            <param index="0">
              <value>
                <![CDATA[Steve]]>
              </value>
            </param>
            <param index="1">
              <value>
                <![CDATA[Harrington]]>
              </value>
            </param>
            <param index="2">
              <value>
                <![CDATA[ST]]>
              </value>
            </param>
            <param index="3">
              <value>
                <![CDATA[Lead]]>
              </value>
            </param>
            <param index="4">
              <value>
                <![CDATA[C:\Users\admin\OneDrive\Desktop\Vikram\SampleFish.jpg]]>
              </value>
            </param>
          </params>
          <reporter-output>
          </reporter-output>
        </test-method> <!-- createContactTest -->
        <test-method is-config="true" signature="tearDown(org.testng.ITestResult)[pri:0, instance:com.crm.qa.testcases.ContactPageTest@3023df74]" started-at="2026-02-04T18:37:16 IST" name="tearDown" finished-at="2026-02-04T18:37:17 IST" duration-ms="740" status="PASS">
          <params>
            <param index="0">
              <value>
                <![CDATA[[TestResult name=createContactTest status=SUCCESS method=ContactPageTest.createContactTest(java.lang.String,java.lang.String,java.lang.String,java.lang.String,java.lang.String)[pri:1, instance:com.crm.qa.testcases.ContactPageTest@3023df74] output={null}]]]>
              </value>
            </param>
          </params>
          <reporter-output>
          </reporter-output>
        </test-method> <!-- tearDown -->
        <test-method is-config="true" signature="setup()[pri:0, instance:com.crm.qa.testcases.ContactPageTest@3023df74]" started-at="2026-02-04T18:37:17 IST" name="setup" finished-at="2026-02-04T18:37:41 IST" duration-ms="24309" status="PASS">
          <reporter-output>
          </reporter-output>
        </test-method> <!-- setup -->
        <test-method signature="contactCheckBoxValidation()[pri:2, instance:com.crm.qa.testcases.ContactPageTest@3023df74]" started-at="2026-02-04T18:37:41 IST" name="contactCheckBoxValidation" finished-at="2026-02-04T18:37:41 IST" duration-ms="243" status="PASS">
          <reporter-output>
          </reporter-output>
        </test-method> <!-- contactCheckBoxValidation -->
        <test-method is-config="true" signature="tearDown(org.testng.ITestResult)[pri:0, instance:com.crm.qa.testcases.ContactPageTest@3023df74]" started-at="2026-02-04T18:37:41 IST" name="tearDown" finished-at="2026-02-04T18:37:43 IST" duration-ms="1060" status="PASS">
          <params>
            <param index="0">
              <value>
                <![CDATA[[TestResult name=contactCheckBoxValidation status=SUCCESS method=ContactPageTest.contactCheckBoxValidation()[pri:2, instance:com.crm.qa.testcases.ContactPageTest@3023df74] output={null}]]]>
              </value>
            </param>
          </params>
          <reporter-output>
          </reporter-output>
        </test-method> <!-- tearDown -->
      </class> <!-- com.crm.qa.testcases.ContactPageTest -->
      <class name="com.crm.qa.testcases.HomePageTest">
        <test-method is-config="true" signature="setup()[pri:0, instance:com.crm.qa.testcases.HomePageTest@145f66e3]" started-at="2026-02-04T18:35:17 IST" name="setup" finished-at="2026-02-04T18:35:29 IST" duration-ms="11959" status="PASS">
          <reporter-output>
          </reporter-output>
        </test-method> <!-- setup -->
        <test-method signature="VerifyHomePageTitleTest()[pri:1, instance:com.crm.qa.testcases.HomePageTest@145f66e3]" started-at="2026-02-04T18:35:29 IST" name="VerifyHomePageTitleTest" finished-at="2026-02-04T18:35:29 IST" duration-ms="18" status="PASS">
          <reporter-output>
          </reporter-output>
        </test-method> <!-- VerifyHomePageTitleTest -->
        <test-method is-config="true" signature="tearDown(org.testng.ITestResult)[pri:0, instance:com.crm.qa.testcases.HomePageTest@145f66e3]" started-at="2026-02-04T18:35:29 IST" name="tearDown" finished-at="2026-02-04T18:35:30 IST" duration-ms="545" status="PASS">
          <params>
            <param index="0">
              <value>
                <![CDATA[[TestResult name=VerifyHomePageTitleTest status=SUCCESS method=HomePageTest.VerifyHomePageTitleTest()[pri:1, instance:com.crm.qa.testcases.HomePageTest@145f66e3] output={null}]]]>
              </value>
            </param>
          </params>
          <reporter-output>
          </reporter-output>
        </test-method> <!-- tearDown -->
        <test-method is-config="true" signature="setup()[pri:0, instance:com.crm.qa.testcases.HomePageTest@145f66e3]" started-at="2026-02-04T18:35:30 IST" name="setup" finished-at="2026-02-04T18:35:45 IST" duration-ms="15320" status="PASS">
          <reporter-output>
          </reporter-output>
        </test-method> <!-- setup -->
        <test-method signature="contactPageValidateTest()[pri:2, instance:com.crm.qa.testcases.HomePageTest@145f66e3]" started-at="2026-02-04T18:35:45 IST" name="contactPageValidateTest" finished-at="2026-02-04T18:35:53 IST" duration-ms="7884" status="PASS">
          <reporter-output>
          </reporter-output>
        </test-method> <!-- contactPageValidateTest -->
        <test-method is-config="true" signature="tearDown(org.testng.ITestResult)[pri:0, instance:com.crm.qa.testcases.HomePageTest@145f66e3]" started-at="2026-02-04T18:35:53 IST" name="tearDown" finished-at="2026-02-04T18:35:54 IST" duration-ms="730" status="PASS">
          <params>
            <param index="0">
              <value>
                <![CDATA[[TestResult name=contactPageValidateTest status=SUCCESS method=HomePageTest.contactPageValidateTest()[pri:2, instance:com.crm.qa.testcases.HomePageTest@145f66e3] output={null}]]]>
              </value>
            </param>
          </params>
          <reporter-output>
          </reporter-output>
        </test-method> <!-- tearDown -->
        <test-method is-config="true" signature="setup()[pri:0, instance:com.crm.qa.testcases.HomePageTest@145f66e3]" started-at="2026-02-04T18:35:54 IST" name="setup" finished-at="2026-02-04T18:36:10 IST" duration-ms="15743" status="PASS">
          <reporter-output>
          </reporter-output>
        </test-method> <!-- setup -->
        <test-method signature="verifyUserNameTest()[pri:3, instance:com.crm.qa.testcases.HomePageTest@145f66e3]" started-at="2026-02-04T18:36:10 IST" name="verifyUserNameTest" finished-at="2026-02-04T18:36:12 IST" duration-ms="2774" status="PASS">
          <reporter-output>
          </reporter-output>
        </test-method> <!-- verifyUserNameTest -->
        <test-method is-config="true" signature="tearDown(org.testng.ITestResult)[pri:0, instance:com.crm.qa.testcases.HomePageTest@145f66e3]" started-at="2026-02-04T18:36:12 IST" name="tearDown" finished-at="2026-02-04T18:36:14 IST" duration-ms="1101" status="PASS">
          <params>
            <param index="0">
              <value>
                <![CDATA[[TestResult name=verifyUserNameTest status=SUCCESS method=HomePageTest.verifyUserNameTest()[pri:3, instance:com.crm.qa.testcases.HomePageTest@145f66e3] output={null}]]]>
              </value>
            </param>
          </params>
          <reporter-output>
          </reporter-output>
        </test-method> <!-- tearDown -->
      </class> <!-- com.crm.qa.testcases.HomePageTest -->
      <class name="com.crm.qa.testcases.LoginPageTest">
        <test-method is-config="true" signature="setup()[pri:0, instance:com.crm.qa.testcases.LoginPageTest@8f4ea7c]" started-at="2026-02-04T18:34:25 IST" name="setup" finished-at="2026-02-04T18:34:38 IST" duration-ms="13323" status="PASS">
          <reporter-output>
          </reporter-output>
        </test-method> <!-- setup -->
        <test-method signature="ValidateLoginTitleTest()[pri:1, instance:com.crm.qa.testcases.LoginPageTest@8f4ea7c]" started-at="2026-02-04T18:34:38 IST" name="ValidateLoginTitleTest" finished-at="2026-02-04T18:34:39 IST" duration-ms="302" status="PASS">
          <reporter-output>
          </reporter-output>
        </test-method> <!-- ValidateLoginTitleTest -->
        <test-method is-config="true" signature="tearDown(org.testng.ITestResult)[pri:0, instance:com.crm.qa.testcases.LoginPageTest@8f4ea7c]" started-at="2026-02-04T18:34:39 IST" name="tearDown" finished-at="2026-02-04T18:34:39 IST" duration-ms="813" status="PASS">
          <params>
            <param index="0">
              <value>
                <![CDATA[[TestResult name=ValidateLoginTitleTest status=SUCCESS method=LoginPageTest.ValidateLoginTitleTest()[pri:1, instance:com.crm.qa.testcases.LoginPageTest@8f4ea7c] output={null}]]]>
              </value>
            </param>
          </params>
          <reporter-output>
          </reporter-output>
        </test-method> <!-- tearDown -->
        <test-method is-config="true" signature="setup()[pri:0, instance:com.crm.qa.testcases.LoginPageTest@8f4ea7c]" started-at="2026-02-04T18:34:39 IST" name="setup" finished-at="2026-02-04T18:34:42 IST" duration-ms="2689" status="PASS">
          <reporter-output>
          </reporter-output>
        </test-method> <!-- setup -->
        <test-method signature="crmLogoTest()[pri:2, instance:com.crm.qa.testcases.LoginPageTest@8f4ea7c]" started-at="2026-02-04T18:34:42 IST" name="crmLogoTest" finished-at="2026-02-04T18:34:49 IST" duration-ms="6556" status="PASS">
          <reporter-output>
          </reporter-output>
        </test-method> <!-- crmLogoTest -->
        <test-method is-config="true" signature="tearDown(org.testng.ITestResult)[pri:0, instance:com.crm.qa.testcases.LoginPageTest@8f4ea7c]" started-at="2026-02-04T18:34:49 IST" name="tearDown" finished-at="2026-02-04T18:34:49 IST" duration-ms="731" status="PASS">
          <params>
            <param index="0">
              <value>
                <![CDATA[[TestResult name=crmLogoTest status=SUCCESS method=LoginPageTest.crmLogoTest()[pri:2, instance:com.crm.qa.testcases.LoginPageTest@8f4ea7c] output={null}]]]>
              </value>
            </param>
          </params>
          <reporter-output>
          </reporter-output>
        </test-method> <!-- tearDown -->
        <test-method is-config="true" signature="setup()[pri:0, instance:com.crm.qa.testcases.LoginPageTest@8f4ea7c]" started-at="2026-02-04T18:34:49 IST" name="setup" finished-at="2026-02-04T18:34:57 IST" duration-ms="7751" status="PASS">
          <reporter-output>
          </reporter-output>
        </test-method> <!-- setup -->
        <test-method signature="LoginTest()[pri:3, instance:com.crm.qa.testcases.LoginPageTest@8f4ea7c]" started-at="2026-02-04T18:34:57 IST" name="LoginTest" finished-at="2026-02-04T18:35:05 IST" duration-ms="8190" status="PASS">
          <reporter-output>
          </reporter-output>
        </test-method> <!-- LoginTest -->
        <test-method is-config="true" signature="tearDown(org.testng.ITestResult)[pri:0, instance:com.crm.qa.testcases.LoginPageTest@8f4ea7c]" started-at="2026-02-04T18:35:05 IST" name="tearDown" finished-at="2026-02-04T18:35:06 IST" duration-ms="573" status="PASS">
          <params>
            <param index="0">
              <value>
                <![CDATA[[TestResult name=LoginTest status=SUCCESS method=LoginPageTest.LoginTest()[pri:3, instance:com.crm.qa.testcases.LoginPageTest@8f4ea7c] output={null}]]]>
              </value>
            </param>
          </params>
          <reporter-output>
          </reporter-output>
        </test-method> <!-- tearDown -->
        <test-method is-config="true" signature="setup()[pri:0, instance:com.crm.qa.testcases.LoginPageTest@8f4ea7c]" started-at="2026-02-04T18:35:06 IST" name="setup" finished-at="2026-02-04T18:35:14 IST" duration-ms="7690" status="PASS">
          <reporter-output>
          </reporter-output>
        </test-method> <!-- setup -->
        <test-method signature="supportTest()[pri:4, instance:com.crm.qa.testcases.LoginPageTest@8f4ea7c]" started-at="2026-02-04T18:35:14 IST" name="supportTest" finished-at="2026-02-04T18:35:17 IST" duration-ms="3122" status="PASS">
          <reporter-output>
          </reporter-output>
        </test-method> <!-- supportTest -->
        <test-method is-config="true" signature="tearDown(org.testng.ITestResult)[pri:0, instance:com.crm.qa.testcases.LoginPageTest@8f4ea7c]" started-at="2026-02-04T18:35:17 IST" name="tearDown" finished-at="2026-02-04T18:35:17 IST" duration-ms="673" status="PASS">
          <params>
            <param index="0">
              <value>
                <![CDATA[[TestResult name=supportTest status=SUCCESS method=LoginPageTest.supportTest()[pri:4, instance:com.crm.qa.testcases.LoginPageTest@8f4ea7c] output={null}]]]>
              </value>
            </param>
          </params>
          <reporter-output>
          </reporter-output>
        </test-method> <!-- tearDown -->
      </class> <!-- com.crm.qa.testcases.LoginPageTest -->
    </test> <!-- Free CRM App Test Cases -->
  </suite> <!-- Free CRM Application Test Suite -->
</testng-results>
